# JRE version: Java(TM) SE Runtime Environment (8.0_66-b17) (build 1.8.0_66-b17)
# Java VM: Java HotSpot(TM) 64-Bit Server VM (25.66-b17 mixed mode bsd-amd64 compressed oops)
Heap:
 PSYoungGen      total 26112K, used 17240K [0x0000000795580000, 0x000000079ac00000, 0x00000007c0000000)
  eden space 25600K, 67% used [0x0000000795580000,0x000000079664e0b0,0x0000000796e80000)
  from space 512K, 6% used [0x000000079ab80000,0x000000079ab88000,0x000000079ac00000)
  to   space 512K, 0% used [0x000000079ab00000,0x000000079ab00000,0x000000079ab80000)
 ParOldGen       total 66048K, used 28331K [0x0000000740000000, 0x0000000744080000, 0x0000000795580000)
  object space 66048K, 42% used [0x0000000740000000,0x0000000741baad18,0x0000000744080000)
 Metaspace       used 27307K, capacity 27513K, committed 27904K, reserved 1075200K
  class space    used 2158K, capacity 2240K, committed 2304K, reserved 1048576K
GC Heap History (10 events):
Event: 1052.821 GC heap before
{Heap before GC invocations=133 (full 1):
 PSYoungGen      total 26112K, used 25664K [0x0000000795580000, 0x000000079ac00000, 0x00000007c0000000)
  eden space 25600K, 100% used [0x0000000795580000,0x0000000796e80000,0x0000000796e80000)
  from space 512K, 12% used [0x000000079ab00000,0x000000079ab10000,0x000000079ab80000)
  to   space 512K, 0% used [0x000000079ab80000,0x000000079ab80000,0x000000079ac00000)
 ParOldGen       total 66048K, used 28331K [0x0000000740000000, 0x0000000744080000, 0x0000000795580000)
  object space 66048K, 42% used [0x0000000740000000,0x0000000741baad18,0x0000000744080000)
 Metaspace       used 27279K, capacity 27513K, committed 27904K, reserved 1075200K
  class space    used 2151K, capacity 2240K, committed 2304K, reserved 1048576K
Event: 1052.823 GC heap after
Heap after GC invocations=133 (full 1):
 PSYoungGen      total 26112K, used 64K [0x0000000795580000, 0x000000079ac00000, 0x00000007c0000000)
  eden space 25600K, 0% used [0x0000000795580000,0x0000000795580000,0x0000000796e80000)
  from space 512K, 12% used [0x000000079ab80000,0x000000079ab90000,0x000000079ac00000)
  to   space 512K, 0% used [0x000000079ab00000,0x000000079ab00000,0x000000079ab80000)
 ParOldGen       total 66048K, used 28331K [0x0000000740000000, 0x0000000744080000, 0x0000000795580000)
  object space 66048K, 42% used [0x0000000740000000,0x0000000741baad18,0x0000000744080000)
 Metaspace       used 27279K, capacity 27513K, committed 27904K, reserved 1075200K
  class space    used 2151K, capacity 2240K, committed 2304K, reserved 1048576K
}
Event: 1057.246 GC heap before
{Heap before GC invocations=134 (full 1):
 PSYoungGen      total 26112K, used 25664K [0x0000000795580000, 0x000000079ac00000, 0x00000007c0000000)
  eden space 25600K, 100% used [0x0000000795580000,0x0000000796e80000,0x0000000796e80000)
  from space 512K, 12% used [0x000000079ab80000,0x000000079ab90000,0x000000079ac00000)
  to   space 512K, 0% used [0x000000079ab00000,0x000000079ab00000,0x000000079ab80000)
 ParOldGen       total 66048K, used 28331K [0x0000000740000000, 0x0000000744080000, 0x0000000795580000)
  object space 66048K, 42% used [0x0000000740000000,0x0000000741baad18,0x0000000744080000)
 Metaspace       used 27279K, capacity 27513K, committed 27904K, reserved 1075200K
  class space    used 2151K, capacity 2240K, committed 2304K, reserved 1048576K
Event: 1057.248 GC heap after
Heap after GC invocations=134 (full 1):
 PSYoungGen      total 26112K, used 64K [0x0000000795580000, 0x000000079ac00000, 0x00000007c0000000)
  eden space 25600K, 0% used [0x0000000795580000,0x0000000795580000,0x0000000796e80000)
  from space 512K, 12% used [0x000000079ab00000,0x000000079ab10000,0x000000079ab80000)
  to   space 512K, 0% used [0x000000079ab80000,0x000000079ab80000,0x000000079ac00000)
 ParOldGen       total 66048K, used 28331K [0x0000000740000000, 0x0000000744080000, 0x0000000795580000)
  object space 66048K, 42% used [0x0000000740000000,0x0000000741baad18,0x0000000744080000)
 Metaspace       used 27279K, capacity 27513K, committed 27904K, reserved 1075200K
  class space    used 2151K, capacity 2240K, committed 2304K, reserved 1048576K
}
Event: 1061.485 GC heap before
{Heap before GC invocations=135 (full 1):
 PSYoungGen      total 26112K, used 25664K [0x0000000795580000, 0x000000079ac00000, 0x00000007c0000000)
  eden space 25600K, 100% used [0x0000000795580000,0x0000000796e80000,0x0000000796e80000)
  from space 512K, 12% used [0x000000079ab00000,0x000000079ab10000,0x000000079ab80000)
  to   space 512K, 0% used [0x000000079ab80000,0x000000079ab80000,0x000000079ac00000)
 ParOldGen       total 66048K, used 28331K [0x0000000740000000, 0x0000000744080000, 0x0000000795580000)
  object space 66048K, 42% used [0x0000000740000000,0x0000000741baad18,0x0000000744080000)
 Metaspace       used 27279K, capacity 27513K, committed 27904K, reserved 1075200K
  class space    used 2151K, capacity 2240K, committed 2304K, reserved 1048576K
Event: 1061.486 GC heap after
Heap after GC invocations=135 (full 1):
 PSYoungGen      total 26112K, used 64K [0x0000000795580000, 0x000000079ac00000, 0x00000007c0000000)
  eden space 25600K, 0% used [0x0000000795580000,0x0000000795580000,0x0000000796e80000)
  from space 512K, 12% used [0x000000079ab80000,0x000000079ab90000,0x000000079ac00000)
  to   space 512K, 0% used [0x000000079ab00000,0x000000079ab00000,0x000000079ab80000)
 ParOldGen       total 66048K, used 28331K [0x0000000740000000, 0x0000000744080000, 0x0000000795580000)
  object space 66048K, 42% used [0x0000000740000000,0x0000000741baad18,0x0000000744080000)
 Metaspace       used 27279K, capacity 27513K, committed 27904K, reserved 1075200K
  class space    used 2151K, capacity 2240K, committed 2304K, reserved 1048576K
}
Event: 1066.464 GC heap before
{Heap before GC invocations=136 (full 1):
 PSYoungGen      total 26112K, used 25664K [0x0000000795580000, 0x000000079ac00000, 0x00000007c0000000)
  eden space 25600K, 100% used [0x0000000795580000,0x0000000796e80000,0x0000000796e80000)
  from space 512K, 12% used [0x000000079ab80000,0x000000079ab90000,0x000000079ac00000)
  to   space 512K, 0% used [0x000000079ab00000,0x000000079ab00000,0x000000079ab80000)
 ParOldGen       total 66048K, used 28331K [0x0000000740000000, 0x0000000744080000, 0x0000000795580000)
  object space 66048K, 42% used [0x0000000740000000,0x0000000741baad18,0x0000000744080000)
 Metaspace       used 27279K, capacity 27513K, committed 27904K, reserved 1075200K
  class space    used 2151K, capacity 2240K, committed 2304K, reserved 1048576K
Event: 1066.466 GC heap after
Heap after GC invocations=136 (full 1):
 PSYoungGen      total 26112K, used 32K [0x0000000795580000, 0x000000079ac00000, 0x00000007c0000000)
  eden space 25600K, 0% used [0x0000000795580000,0x0000000795580000,0x0000000796e80000)
  from space 512K, 6% used [0x000000079ab00000,0x000000079ab08000,0x000000079ab80000)
  to   space 512K, 0% used [0x000000079ab80000,0x000000079ab80000,0x000000079ac00000)
 ParOldGen       total 66048K, used 28331K [0x0000000740000000, 0x0000000744080000, 0x0000000795580000)
  object space 66048K, 42% used [0x0000000740000000,0x0000000741baad18,0x0000000744080000)
 Metaspace       used 27279K, capacity 27513K, committed 27904K, reserved 1075200K
  class space    used 2151K, capacity 2240K, committed 2304K, reserved 1048576K
}
Event: 1070.933 GC heap before
{Heap before GC invocations=137 (full 1):
 PSYoungGen      total 26112K, used 25632K [0x0000000795580000, 0x000000079ac00000, 0x00000007c0000000)
  eden space 25600K, 100% used [0x0000000795580000,0x0000000796e80000,0x0000000796e80000)
  from space 512K, 6% used [0x000000079ab00000,0x000000079ab08000,0x000000079ab80000)
  to   space 512K, 0% used [0x000000079ab80000,0x000000079ab80000,0x000000079ac00000)
 ParOldGen       total 66048K, used 28331K [0x0000000740000000, 0x0000000744080000, 0x0000000795580000)
  object space 66048K, 42% used [0x0000000740000000,0x0000000741baad18,0x0000000744080000)
 Metaspace       used 27279K, capacity 27513K, committed 27904K, reserved 1075200K
  class space    used 2151K, capacity 2240K, committed 2304K, reserved 1048576K
Event: 1070.946 GC heap after
Heap after GC invocations=137 (full 1):
 PSYoungGen      total 26112K, used 32K [0x0000000795580000, 0x000000079ac00000, 0x00000007c0000000)
  eden space 25600K, 0% used [0x0000000795580000,0x0000000795580000,0x0000000796e80000)
  from space 512K, 6% used [0x000000079ab80000,0x000000079ab88000,0x000000079ac00000)
  to   space 512K, 0% used [0x000000079ab00000,0x000000079ab00000,0x000000079ab80000)
 ParOldGen       total 66048K, used 28331K [0x0000000740000000, 0x0000000744080000, 0x0000000795580000)
  object space 66048K, 42% used [0x0000000740000000,0x0000000741baad18,0x0000000744080000)
 Metaspace       used 27279K, capacity 27513K, committed 27904K, reserved 1075200K
  class space    used 2151K, capacity 2240K, committed 2304K, reserved 1048576K
}

