# JRE version: Java(TM) SE Runtime Environment (8.0_66-b17) (build 1.8.0_66-b17)
# Java VM: Java HotSpot(TM) 64-Bit Server VM (25.66-b17 mixed mode bsd-amd64 compressed oops)
Heap:
 PSYoungGen      total 25088K, used 6669K [0x0000000795580000, 0x0000000796f00000, 0x00000007c0000000)
  eden space 24064K, 27% used [0x0000000795580000,0x0000000795bf35c8,0x0000000796d00000)
  from space 1024K, 6% used [0x0000000796d00000,0x0000000796d10000,0x0000000796e00000)
  to   space 1024K, 0% used [0x0000000796e00000,0x0000000796e00000,0x0000000796f00000)
 ParOldGen       total 87552K, used 14917K [0x0000000740000000, 0x0000000745580000, 0x0000000795580000)
  object space 87552K, 17% used [0x0000000740000000,0x0000000740e915a8,0x0000000745580000)
 Metaspace       used 20775K, capacity 21017K, committed 21296K, reserved 1069056K
  class space    used 2045K, capacity 2115K, committed 2176K, reserved 1048576K
GC Heap History (10 events):
Event: 693.726 GC heap before
{Heap before GC invocations=53 (full 0):
 PSYoungGen      total 25088K, used 24096K [0x0000000795580000, 0x0000000796f00000, 0x00000007c0000000)
  eden space 24064K, 100% used [0x0000000795580000,0x0000000796d00000,0x0000000796d00000)
  from space 1024K, 3% used [0x0000000796e00000,0x0000000796e08000,0x0000000796f00000)
  to   space 1024K, 0% used [0x0000000796d00000,0x0000000796d00000,0x0000000796e00000)
 ParOldGen       total 87552K, used 14917K [0x0000000740000000, 0x0000000745580000, 0x0000000795580000)
  object space 87552K, 17% used [0x0000000740000000,0x0000000740e915a8,0x0000000745580000)
 Metaspace       used 20737K, capacity 20953K, committed 21120K, reserved 1069056K
  class space    used 2037K, capacity 2115K, committed 2176K, reserved 1048576K
Event: 693.742 GC heap after
Heap after GC invocations=53 (full 0):
 PSYoungGen      total 25088K, used 32K [0x0000000795580000, 0x0000000796f00000, 0x00000007c0000000)
  eden space 24064K, 0% used [0x0000000795580000,0x0000000795580000,0x0000000796d00000)
  from space 1024K, 3% used [0x0000000796d00000,0x0000000796d08000,0x0000000796e00000)
  to   space 1024K, 0% used [0x0000000796e00000,0x0000000796e00000,0x0000000796f00000)
 ParOldGen       total 87552K, used 14917K [0x0000000740000000, 0x0000000745580000, 0x0000000795580000)
  object space 87552K, 17% used [0x0000000740000000,0x0000000740e915a8,0x0000000745580000)
 Metaspace       used 20737K, capacity 20953K, committed 21120K, reserved 1069056K
  class space    used 2037K, capacity 2115K, committed 2176K, reserved 1048576K
}
Event: 705.629 GC heap before
{Heap before GC invocations=54 (full 0):
 PSYoungGen      total 25088K, used 24096K [0x0000000795580000, 0x0000000796f00000, 0x00000007c0000000)
  eden space 24064K, 100% used [0x0000000795580000,0x0000000796d00000,0x0000000796d00000)
  from space 1024K, 3% used [0x0000000796d00000,0x0000000796d08000,0x0000000796e00000)
  to   space 1024K, 0% used [0x0000000796e00000,0x0000000796e00000,0x0000000796f00000)
 ParOldGen       total 87552K, used 14917K [0x0000000740000000, 0x0000000745580000, 0x0000000795580000)
  object space 87552K, 17% used [0x0000000740000000,0x0000000740e915a8,0x0000000745580000)
 Metaspace       used 20737K, capacity 20953K, committed 21120K, reserved 1069056K
  class space    used 2037K, capacity 2115K, committed 2176K, reserved 1048576K
Event: 705.630 GC heap after
Heap after GC invocations=54 (full 0):
 PSYoungGen      total 25088K, used 64K [0x0000000795580000, 0x0000000796f00000, 0x00000007c0000000)
  eden space 24064K, 0% used [0x0000000795580000,0x0000000795580000,0x0000000796d00000)
  from space 1024K, 6% used [0x0000000796e00000,0x0000000796e10000,0x0000000796f00000)
  to   space 1024K, 0% used [0x0000000796d00000,0x0000000796d00000,0x0000000796e00000)
 ParOldGen       total 87552K, used 14917K [0x0000000740000000, 0x0000000745580000, 0x0000000795580000)
  object space 87552K, 17% used [0x0000000740000000,0x0000000740e915a8,0x0000000745580000)
 Metaspace       used 20737K, capacity 20953K, committed 21120K, reserved 1069056K
  class space    used 2037K, capacity 2115K, committed 2176K, reserved 1048576K
}
Event: 717.498 GC heap before
{Heap before GC invocations=55 (full 0):
 PSYoungGen      total 25088K, used 24128K [0x0000000795580000, 0x0000000796f00000, 0x00000007c0000000)
  eden space 24064K, 100% used [0x0000000795580000,0x0000000796d00000,0x0000000796d00000)
  from space 1024K, 6% used [0x0000000796e00000,0x0000000796e10000,0x0000000796f00000)
  to   space 1024K, 0% used [0x0000000796d00000,0x0000000796d00000,0x0000000796e00000)
 ParOldGen       total 87552K, used 14917K [0x0000000740000000, 0x0000000745580000, 0x0000000795580000)
  object space 87552K, 17% used [0x0000000740000000,0x0000000740e915a8,0x0000000745580000)
 Metaspace       used 20737K, capacity 20953K, committed 21120K, reserved 1069056K
  class space    used 2037K, capacity 2115K, committed 2176K, reserved 1048576K
Event: 717.499 GC heap after
Heap after GC invocations=55 (full 0):
 PSYoungGen      total 25088K, used 64K [0x0000000795580000, 0x0000000796f00000, 0x00000007c0000000)
  eden space 24064K, 0% used [0x0000000795580000,0x0000000795580000,0x0000000796d00000)
  from space 1024K, 6% used [0x0000000796d00000,0x0000000796d10000,0x0000000796e00000)
  to   space 1024K, 0% used [0x0000000796e00000,0x0000000796e00000,0x0000000796f00000)
 ParOldGen       total 87552K, used 14917K [0x0000000740000000, 0x0000000745580000, 0x0000000795580000)
  object space 87552K, 17% used [0x0000000740000000,0x0000000740e915a8,0x0000000745580000)
 Metaspace       used 20737K, capacity 20953K, committed 21120K, reserved 1069056K
  class space    used 2037K, capacity 2115K, committed 2176K, reserved 1048576K
}
Event: 728.433 GC heap before
{Heap before GC invocations=56 (full 0):
 PSYoungGen      total 25088K, used 24128K [0x0000000795580000, 0x0000000796f00000, 0x00000007c0000000)
  eden space 24064K, 100% used [0x0000000795580000,0x0000000796d00000,0x0000000796d00000)
  from space 1024K, 6% used [0x0000000796d00000,0x0000000796d10000,0x0000000796e00000)
  to   space 1024K, 0% used [0x0000000796e00000,0x0000000796e00000,0x0000000796f00000)
 ParOldGen       total 87552K, used 14917K [0x0000000740000000, 0x0000000745580000, 0x0000000795580000)
  object space 87552K, 17% used [0x0000000740000000,0x0000000740e915a8,0x0000000745580000)
 Metaspace       used 20737K, capacity 20953K, committed 21120K, reserved 1069056K
  class space    used 2037K, capacity 2115K, committed 2176K, reserved 1048576K
Event: 728.435 GC heap after
Heap after GC invocations=56 (full 0):
 PSYoungGen      total 25088K, used 64K [0x0000000795580000, 0x0000000796f00000, 0x00000007c0000000)
  eden space 24064K, 0% used [0x0000000795580000,0x0000000795580000,0x0000000796d00000)
  from space 1024K, 6% used [0x0000000796e00000,0x0000000796e10000,0x0000000796f00000)
  to   space 1024K, 0% used [0x0000000796d00000,0x0000000796d00000,0x0000000796e00000)
 ParOldGen       total 87552K, used 14917K [0x0000000740000000, 0x0000000745580000, 0x0000000795580000)
  object space 87552K, 17% used [0x0000000740000000,0x0000000740e915a8,0x0000000745580000)
 Metaspace       used 20737K, capacity 20953K, committed 21120K, reserved 1069056K
  class space    used 2037K, capacity 2115K, committed 2176K, reserved 1048576K
}
Event: 739.600 GC heap before
{Heap before GC invocations=57 (full 0):
 PSYoungGen      total 25088K, used 24128K [0x0000000795580000, 0x0000000796f00000, 0x00000007c0000000)
  eden space 24064K, 100% used [0x0000000795580000,0x0000000796d00000,0x0000000796d00000)
  from space 1024K, 6% used [0x0000000796e00000,0x0000000796e10000,0x0000000796f00000)
  to   space 1024K, 0% used [0x0000000796d00000,0x0000000796d00000,0x0000000796e00000)
 ParOldGen       total 87552K, used 14917K [0x0000000740000000, 0x0000000745580000, 0x0000000795580000)
  object space 87552K, 17% used [0x0000000740000000,0x0000000740e915a8,0x0000000745580000)
 Metaspace       used 20737K, capacity 20953K, committed 21120K, reserved 1069056K
  class space    used 2037K, capacity 2115K, committed 2176K, reserved 1048576K
Event: 739.602 GC heap after
Heap after GC invocations=57 (full 0):
 PSYoungGen      total 25088K, used 64K [0x0000000795580000, 0x0000000796f00000, 0x00000007c0000000)
  eden space 24064K, 0% used [0x0000000795580000,0x0000000795580000,0x0000000796d00000)
  from space 1024K, 6% used [0x0000000796d00000,0x0000000796d10000,0x0000000796e00000)
  to   space 1024K, 0% used [0x0000000796e00000,0x0000000796e00000,0x0000000796f00000)
 ParOldGen       total 87552K, used 14917K [0x0000000740000000, 0x0000000745580000, 0x0000000795580000)
  object space 87552K, 17% used [0x0000000740000000,0x0000000740e915a8,0x0000000745580000)
 Metaspace       used 20737K, capacity 20953K, committed 21120K, reserved 1069056K
  class space    used 2037K, capacity 2115K, committed 2176K, reserved 1048576K
}

