# JRE version: Java(TM) SE Runtime Environment (8.0_66-b17) (build 1.8.0_66-b17)
# Java VM: Java HotSpot(TM) 64-Bit Server VM (25.66-b17 mixed mode bsd-amd64 compressed oops)
Heap:
 PSYoungGen      total 25088K, used 11767K [0x0000000795580000, 0x0000000797f80000, 0x00000007c0000000)
  eden space 24576K, 47% used [0x0000000795580000,0x00000007960f5c98,0x0000000796d80000)
  from space 512K, 6% used [0x0000000796e00000,0x0000000796e08000,0x0000000796e80000)
  to   space 9216K, 0% used [0x0000000797680000,0x0000000797680000,0x0000000797f80000)
 ParOldGen       total 87552K, used 17658K [0x0000000740000000, 0x0000000745580000, 0x0000000795580000)
  object space 87552K, 20% used [0x0000000740000000,0x000000074113e920,0x0000000745580000)
 Metaspace       used 19502K, capacity 19665K, committed 19968K, reserved 1067008K
  class space    used 1928K, capacity 1987K, committed 2048K, reserved 1048576K
GC Heap History (10 events):
Event: 180.467 GC heap before
{Heap before GC invocations=17 (full 0):
 PSYoungGen      total 37888K, used 27200K [0x0000000795580000, 0x0000000798700000, 0x00000007c0000000)
  eden space 27136K, 100% used [0x0000000795580000,0x0000000797000000,0x0000000797000000)
  from space 10752K, 0% used [0x0000000797c80000,0x0000000797c90000,0x0000000798700000)
  to   space 11776K, 0% used [0x0000000797000000,0x0000000797000000,0x0000000797b80000)
 ParOldGen       total 87552K, used 17658K [0x0000000740000000, 0x0000000745580000, 0x0000000795580000)
  object space 87552K, 20% used [0x0000000740000000,0x000000074113e920,0x0000000745580000)
 Metaspace       used 19437K, capacity 19601K, committed 19968K, reserved 1067008K
  class space    used 1920K, capacity 1987K, committed 2048K, reserved 1048576K
Event: 180.469 GC heap after
Heap after GC invocations=17 (full 0):
 PSYoungGen      total 27136K, used 64K [0x0000000795580000, 0x0000000798580000, 0x00000007c0000000)
  eden space 26624K, 0% used [0x0000000795580000,0x0000000795580000,0x0000000796f80000)
  from space 512K, 12% used [0x0000000797000000,0x0000000797010000,0x0000000797080000)
  to   space 11264K, 0% used [0x0000000797a80000,0x0000000797a80000,0x0000000798580000)
 ParOldGen       total 87552K, used 17658K [0x0000000740000000, 0x0000000745580000, 0x0000000795580000)
  object space 87552K, 20% used [0x0000000740000000,0x000000074113e920,0x0000000745580000)
 Metaspace       used 19437K, capacity 19601K, committed 19968K, reserved 1067008K
  class space    used 1920K, capacity 1987K, committed 2048K, reserved 1048576K
}
Event: 190.584 GC heap before
{Heap before GC invocations=18 (full 0):
 PSYoungGen      total 27136K, used 26688K [0x0000000795580000, 0x0000000798580000, 0x00000007c0000000)
  eden space 26624K, 100% used [0x0000000795580000,0x0000000796f80000,0x0000000796f80000)
  from space 512K, 12% used [0x0000000797000000,0x0000000797010000,0x0000000797080000)
  to   space 11264K, 0% used [0x0000000797a80000,0x0000000797a80000,0x0000000798580000)
 ParOldGen       total 87552K, used 17658K [0x0000000740000000, 0x0000000745580000, 0x0000000795580000)
  object space 87552K, 20% used [0x0000000740000000,0x000000074113e920,0x0000000745580000)
 Metaspace       used 19437K, capacity 19601K, committed 19968K, reserved 1067008K
  class space    used 1920K, capacity 1987K, committed 2048K, reserved 1048576K
Event: 190.590 GC heap after
Heap after GC invocations=18 (full 0):
 PSYoungGen      total 35840K, used 32K [0x0000000795580000, 0x0000000798400000, 0x00000007c0000000)
  eden space 26112K, 0% used [0x0000000795580000,0x0000000795580000,0x0000000796f00000)
  from space 9728K, 0% used [0x0000000797a80000,0x0000000797a88000,0x0000000798400000)
  to   space 10752K, 0% used [0x0000000796f00000,0x0000000796f00000,0x0000000797980000)
 ParOldGen       total 87552K, used 17658K [0x0000000740000000, 0x0000000745580000, 0x0000000795580000)
  object space 87552K, 20% used [0x0000000740000000,0x000000074113e920,0x0000000745580000)
 Metaspace       used 19437K, capacity 19601K, committed 19968K, reserved 1067008K
  class space    used 1920K, capacity 1987K, committed 2048K, reserved 1048576K
}
Event: 201.919 GC heap before
{Heap before GC invocations=19 (full 0):
 PSYoungGen      total 35840K, used 26144K [0x0000000795580000, 0x0000000798400000, 0x00000007c0000000)
  eden space 26112K, 100% used [0x0000000795580000,0x0000000796f00000,0x0000000796f00000)
  from space 9728K, 0% used [0x0000000797a80000,0x0000000797a88000,0x0000000798400000)
  to   space 10752K, 0% used [0x0000000796f00000,0x0000000796f00000,0x0000000797980000)
 ParOldGen       total 87552K, used 17658K [0x0000000740000000, 0x0000000745580000, 0x0000000795580000)
  object space 87552K, 20% used [0x0000000740000000,0x000000074113e920,0x0000000745580000)
 Metaspace       used 19437K, capacity 19601K, committed 19968K, reserved 1067008K
  class space    used 1920K, capacity 1987K, committed 2048K, reserved 1048576K
Event: 201.920 GC heap after
Heap after GC invocations=19 (full 0):
 PSYoungGen      total 26112K, used 64K [0x0000000795580000, 0x0000000798280000, 0x00000007c0000000)
  eden space 25600K, 0% used [0x0000000795580000,0x0000000795580000,0x0000000796e80000)
  from space 512K, 12% used [0x0000000796f00000,0x0000000796f10000,0x0000000796f80000)
  to   space 10240K, 0% used [0x0000000797880000,0x0000000797880000,0x0000000798280000)
 ParOldGen       total 87552K, used 17658K [0x0000000740000000, 0x0000000745580000, 0x0000000795580000)
  object space 87552K, 20% used [0x0000000740000000,0x000000074113e920,0x0000000745580000)
 Metaspace       used 19437K, capacity 19601K, committed 19968K, reserved 1067008K
  class space    used 1920K, capacity 1987K, committed 2048K, reserved 1048576K
}
Event: 212.740 GC heap before
{Heap before GC invocations=20 (full 0):
 PSYoungGen      total 26112K, used 25664K [0x0000000795580000, 0x0000000798280000, 0x00000007c0000000)
  eden space 25600K, 100% used [0x0000000795580000,0x0000000796e80000,0x0000000796e80000)
  from space 512K, 12% used [0x0000000796f00000,0x0000000796f10000,0x0000000796f80000)
  to   space 10240K, 0% used [0x0000000797880000,0x0000000797880000,0x0000000798280000)
 ParOldGen       total 87552K, used 17658K [0x0000000740000000, 0x0000000745580000, 0x0000000795580000)
  object space 87552K, 20% used [0x0000000740000000,0x000000074113e920,0x0000000745580000)
 Metaspace       used 19437K, capacity 19601K, committed 19968K, reserved 1067008K
  class space    used 1920K, capacity 1987K, committed 2048K, reserved 1048576K
Event: 212.741 GC heap after
Heap after GC invocations=20 (full 0):
 PSYoungGen      total 33792K, used 64K [0x0000000795580000, 0x0000000798100000, 0x00000007c0000000)
  eden space 25088K, 0% used [0x0000000795580000,0x0000000795580000,0x0000000796e00000)
  from space 8704K, 0% used [0x0000000797880000,0x0000000797890000,0x0000000798100000)
  to   space 9728K, 0% used [0x0000000796e00000,0x0000000796e00000,0x0000000797780000)
 ParOldGen       total 87552K, used 17658K [0x0000000740000000, 0x0000000745580000, 0x0000000795580000)
  object space 87552K, 20% used [0x0000000740000000,0x000000074113e920,0x0000000745580000)
 Metaspace       used 19437K, capacity 19601K, committed 19968K, reserved 1067008K
  class space    used 1920K, capacity 1987K, committed 2048K, reserved 1048576K
}
Event: 223.751 GC heap before
{Heap before GC invocations=21 (full 0):
 PSYoungGen      total 33792K, used 25152K [0x0000000795580000, 0x0000000798100000, 0x00000007c0000000)
  eden space 25088K, 100% used [0x0000000795580000,0x0000000796e00000,0x0000000796e00000)
  from space 8704K, 0% used [0x0000000797880000,0x0000000797890000,0x0000000798100000)
  to   space 9728K, 0% used [0x0000000796e00000,0x0000000796e00000,0x0000000797780000)
 ParOldGen       total 87552K, used 17658K [0x0000000740000000, 0x0000000745580000, 0x0000000795580000)
  object space 87552K, 20% used [0x0000000740000000,0x000000074113e920,0x0000000745580000)
 Metaspace       used 19437K, capacity 19601K, committed 19968K, reserved 1067008K
  class space    used 1920K, capacity 1987K, committed 2048K, reserved 1048576K
Event: 223.758 GC heap after
Heap after GC invocations=21 (full 0):
 PSYoungGen      total 25088K, used 32K [0x0000000795580000, 0x0000000797f80000, 0x00000007c0000000)
  eden space 24576K, 0% used [0x0000000795580000,0x0000000795580000,0x0000000796d80000)
  from space 512K, 6% used [0x0000000796e00000,0x0000000796e08000,0x0000000796e80000)
  to   space 9216K, 0% used [0x0000000797680000,0x0000000797680000,0x0000000797f80000)
 ParOldGen       total 87552K, used 17658K [0x0000000740000000, 0x0000000745580000, 0x0000000795580000)
  object space 87552K, 20% used [0x0000000740000000,0x000000074113e920,0x0000000745580000)
 Metaspace       used 19437K, capacity 19601K, committed 19968K, reserved 1067008K
  class space    used 1920K, capacity 1987K, committed 2048K, reserved 1048576K
}

