# JRE version: Java(TM) SE Runtime Environment (8.0_66-b17) (build 1.8.0_66-b17)
# Java VM: Java HotSpot(TM) 64-Bit Server VM (25.66-b17 mixed mode bsd-amd64 compressed oops)
Heap:
 PSYoungGen      total 24576K, used 1045K [0x0000000795580000, 0x0000000796e80000, 0x00000007c0000000)
  eden space 24064K, 4% used [0x0000000795580000,0x0000000795685618,0x0000000796d00000)
  from space 512K, 0% used [0x0000000796d80000,0x0000000796d80000,0x0000000796e00000)
  to   space 512K, 0% used [0x0000000796e00000,0x0000000796e00000,0x0000000796e80000)
 ParOldGen       total 71168K, used 34242K [0x0000000740000000, 0x0000000744580000, 0x0000000795580000)
  object space 71168K, 48% used [0x0000000740000000,0x0000000742170ad0,0x0000000744580000)
 Metaspace       used 21031K, capacity 21305K, committed 21552K, reserved 1069056K
  class space    used 2058K, capacity 2147K, committed 2176K, reserved 1048576K
GC Heap History (10 events):
Event: 886.302 GC heap before
{Heap before GC invocations=142 (full 0):
 PSYoungGen      total 24576K, used 24128K [0x0000000795580000, 0x0000000796e80000, 0x00000007c0000000)
  eden space 24064K, 100% used [0x0000000795580000,0x0000000796d00000,0x0000000796d00000)
  from space 512K, 12% used [0x0000000796d80000,0x0000000796d90000,0x0000000796e00000)
  to   space 512K, 0% used [0x0000000796e00000,0x0000000796e00000,0x0000000796e80000)
 ParOldGen       total 87552K, used 36558K [0x0000000740000000, 0x0000000745580000, 0x0000000795580000)
  object space 87552K, 41% used [0x0000000740000000,0x00000007423b3ac8,0x0000000745580000)
 Metaspace       used 20997K, capacity 21177K, committed 21296K, reserved 1069056K
  class space    used 2051K, capacity 2147K, committed 2176K, reserved 1048576K
Event: 886.304 GC heap after
Heap after GC invocations=142 (full 0):
 PSYoungGen      total 24576K, used 64K [0x0000000795580000, 0x0000000796e80000, 0x00000007c0000000)
  eden space 24064K, 0% used [0x0000000795580000,0x0000000795580000,0x0000000796d00000)
  from space 512K, 12% used [0x0000000796e00000,0x0000000796e10000,0x0000000796e80000)
  to   space 512K, 0% used [0x0000000796d80000,0x0000000796d80000,0x0000000796e00000)
 ParOldGen       total 87552K, used 36558K [0x0000000740000000, 0x0000000745580000, 0x0000000795580000)
  object space 87552K, 41% used [0x0000000740000000,0x00000007423b3ac8,0x0000000745580000)
 Metaspace       used 20997K, capacity 21177K, committed 21296K, reserved 1069056K
  class space    used 2051K, capacity 2147K, committed 2176K, reserved 1048576K
}
Event: 893.847 GC heap before
{Heap before GC invocations=143 (full 0):
 PSYoungGen      total 24576K, used 24128K [0x0000000795580000, 0x0000000796e80000, 0x00000007c0000000)
  eden space 24064K, 100% used [0x0000000795580000,0x0000000796d00000,0x0000000796d00000)
  from space 512K, 12% used [0x0000000796e00000,0x0000000796e10000,0x0000000796e80000)
  to   space 512K, 0% used [0x0000000796d80000,0x0000000796d80000,0x0000000796e00000)
 ParOldGen       total 87552K, used 36558K [0x0000000740000000, 0x0000000745580000, 0x0000000795580000)
  object space 87552K, 41% used [0x0000000740000000,0x00000007423b3ac8,0x0000000745580000)
 Metaspace       used 20997K, capacity 21177K, committed 21296K, reserved 1069056K
  class space    used 2051K, capacity 2147K, committed 2176K, reserved 1048576K
Event: 893.850 GC heap after
Heap after GC invocations=143 (full 0):
 PSYoungGen      total 24576K, used 32K [0x0000000795580000, 0x0000000796e80000, 0x00000007c0000000)
  eden space 24064K, 0% used [0x0000000795580000,0x0000000795580000,0x0000000796d00000)
  from space 512K, 6% used [0x0000000796d80000,0x0000000796d88000,0x0000000796e00000)
  to   space 512K, 0% used [0x0000000796e00000,0x0000000796e00000,0x0000000796e80000)
 ParOldGen       total 87552K, used 36558K [0x0000000740000000, 0x0000000745580000, 0x0000000795580000)
  object space 87552K, 41% used [0x0000000740000000,0x00000007423b3ac8,0x0000000745580000)
 Metaspace       used 20997K, capacity 21177K, committed 21296K, reserved 1069056K
  class space    used 2051K, capacity 2147K, committed 2176K, reserved 1048576K
}
Event: 901.152 GC heap before
{Heap before GC invocations=144 (full 0):
 PSYoungGen      total 24576K, used 24096K [0x0000000795580000, 0x0000000796e80000, 0x00000007c0000000)
  eden space 24064K, 100% used [0x0000000795580000,0x0000000796d00000,0x0000000796d00000)
  from space 512K, 6% used [0x0000000796d80000,0x0000000796d88000,0x0000000796e00000)
  to   space 512K, 0% used [0x0000000796e00000,0x0000000796e00000,0x0000000796e80000)
 ParOldGen       total 87552K, used 36558K [0x0000000740000000, 0x0000000745580000, 0x0000000795580000)
  object space 87552K, 41% used [0x0000000740000000,0x00000007423b3ac8,0x0000000745580000)
 Metaspace       used 20997K, capacity 21177K, committed 21296K, reserved 1069056K
  class space    used 2051K, capacity 2147K, committed 2176K, reserved 1048576K
Event: 901.153 GC heap after
Heap after GC invocations=144 (full 0):
 PSYoungGen      total 24576K, used 64K [0x0000000795580000, 0x0000000796e80000, 0x00000007c0000000)
  eden space 24064K, 0% used [0x0000000795580000,0x0000000795580000,0x0000000796d00000)
  from space 512K, 12% used [0x0000000796e00000,0x0000000796e10000,0x0000000796e80000)
  to   space 512K, 0% used [0x0000000796d80000,0x0000000796d80000,0x0000000796e00000)
 ParOldGen       total 87552K, used 36558K [0x0000000740000000, 0x0000000745580000, 0x0000000795580000)
  object space 87552K, 41% used [0x0000000740000000,0x00000007423b3ac8,0x0000000745580000)
 Metaspace       used 20997K, capacity 21177K, committed 21296K, reserved 1069056K
  class space    used 2051K, capacity 2147K, committed 2176K, reserved 1048576K
}
Event: 909.553 GC heap before
{Heap before GC invocations=145 (full 0):
 PSYoungGen      total 24576K, used 21305K [0x0000000795580000, 0x0000000796e80000, 0x00000007c0000000)
  eden space 24064K, 88% used [0x0000000795580000,0x0000000796a3e718,0x0000000796d00000)
  from space 512K, 12% used [0x0000000796e00000,0x0000000796e10000,0x0000000796e80000)
  to   space 512K, 0% used [0x0000000796d80000,0x0000000796d80000,0x0000000796e00000)
 ParOldGen       total 87552K, used 36558K [0x0000000740000000, 0x0000000745580000, 0x0000000795580000)
  object space 87552K, 41% used [0x0000000740000000,0x00000007423b3ac8,0x0000000745580000)
 Metaspace       used 21013K, capacity 21177K, committed 21296K, reserved 1069056K
  class space    used 2053K, capacity 2147K, committed 2176K, reserved 1048576K
Event: 909.565 GC heap after
Heap after GC invocations=145 (full 0):
 PSYoungGen      total 24576K, used 96K [0x0000000795580000, 0x0000000796e80000, 0x00000007c0000000)
  eden space 24064K, 0% used [0x0000000795580000,0x0000000795580000,0x0000000796d00000)
  from space 512K, 18% used [0x0000000796d80000,0x0000000796d98000,0x0000000796e00000)
  to   space 512K, 0% used [0x0000000796e00000,0x0000000796e00000,0x0000000796e80000)
 ParOldGen       total 87552K, used 36566K [0x0000000740000000, 0x0000000745580000, 0x0000000795580000)
  object space 87552K, 41% used [0x0000000740000000,0x00000007423b5ac8,0x0000000745580000)
 Metaspace       used 21013K, capacity 21177K, committed 21296K, reserved 1069056K
  class space    used 2053K, capacity 2147K, committed 2176K, reserved 1048576K
}
Event: 909.565 GC heap before
{Heap before GC invocations=146 (full 1):
 PSYoungGen      total 24576K, used 96K [0x0000000795580000, 0x0000000796e80000, 0x00000007c0000000)
  eden space 24064K, 0% used [0x0000000795580000,0x0000000795580000,0x0000000796d00000)
  from space 512K, 18% used [0x0000000796d80000,0x0000000796d98000,0x0000000796e00000)
  to   space 512K, 0% used [0x0000000796e00000,0x0000000796e00000,0x0000000796e80000)
 ParOldGen       total 87552K, used 36566K [0x0000000740000000, 0x0000000745580000, 0x0000000795580000)
  object space 87552K, 41% used [0x0000000740000000,0x00000007423b5ac8,0x0000000745580000)
 Metaspace       used 21013K, capacity 21177K, committed 21296K, reserved 1069056K
  class space    used 2053K, capacity 2147K, committed 2176K, reserved 1048576K
Event: 909.681 GC heap after
Heap after GC invocations=146 (full 1):
 PSYoungGen      total 24576K, used 0K [0x0000000795580000, 0x0000000796e80000, 0x00000007c0000000)
  eden space 24064K, 0% used [0x0000000795580000,0x0000000795580000,0x0000000796d00000)
  from space 512K, 0% used [0x0000000796d80000,0x0000000796d80000,0x0000000796e00000)
  to   space 512K, 0% used [0x0000000796e00000,0x0000000796e00000,0x0000000796e80000)
 ParOldGen       total 71168K, used 34242K [0x0000000740000000, 0x0000000744580000, 0x0000000795580000)
  object space 71168K, 48% used [0x0000000740000000,0x0000000742170ad0,0x0000000744580000)
 Metaspace       used 21013K, capacity 21177K, committed 21296K, reserved 1069056K
  class space    used 2053K, capacity 2147K, committed 2176K, reserved 1048576K
}

