# JRE version: Java(TM) SE Runtime Environment (8.0_66-b17) (build 1.8.0_66-b17)
# Java VM: Java HotSpot(TM) 64-Bit Server VM (25.66-b17 mixed mode bsd-amd64 compressed oops)
Heap:
 PSYoungGen      total 44544K, used 24140K [0x0000000795580000, 0x0000000799000000, 0x00000007c0000000)
  eden space 30208K, 79% used [0x0000000795580000,0x0000000796d0b030,0x0000000797300000)
  from space 14336K, 0% used [0x0000000798200000,0x0000000798208000,0x0000000799000000)
  to   space 14848K, 0% used [0x0000000797300000,0x0000000797300000,0x0000000798180000)
 ParOldGen       total 87552K, used 16994K [0x0000000740000000, 0x0000000745580000, 0x0000000795580000)
  object space 87552K, 19% used [0x0000000740000000,0x00000007410988b8,0x0000000745580000)
 Metaspace       used 20605K, capacity 20811K, committed 21120K, reserved 1069056K
  class space    used 2022K, capacity 2110K, committed 2176K, reserved 1048576K
GC Heap History (10 events):
Event: 60.093 GC heap before
{Heap before GC invocations=6 (full 0):
 PSYoungGen      total 37888K, used 37856K [0x0000000795580000, 0x0000000799280000, 0x00000007c0000000)
  eden space 32768K, 100% used [0x0000000795580000,0x0000000797580000,0x0000000797580000)
  from space 5120K, 99% used [0x0000000797600000,0x0000000797af8170,0x0000000797b00000)
  to   space 14848K, 0% used [0x0000000798400000,0x0000000798400000,0x0000000799280000)
 ParOldGen       total 87552K, used 11901K [0x0000000740000000, 0x0000000745580000, 0x0000000795580000)
  object space 87552K, 13% used [0x0000000740000000,0x0000000740b9f5c0,0x0000000745580000)
 Metaspace       used 20566K, capacity 20747K, committed 20864K, reserved 1069056K
  class space    used 2015K, capacity 2110K, committed 2176K, reserved 1048576K
Event: 60.110 GC heap after
Heap after GC invocations=6 (full 0):
 PSYoungGen      total 45568K, used 5072K [0x0000000795580000, 0x0000000799100000, 0x00000007c0000000)
  eden space 32256K, 0% used [0x0000000795580000,0x0000000795580000,0x0000000797500000)
  from space 13312K, 38% used [0x0000000798400000,0x00000007988f4180,0x0000000799100000)
  to   space 14336K, 0% used [0x0000000797500000,0x0000000797500000,0x0000000798300000)
 ParOldGen       total 87552K, used 11901K [0x0000000740000000, 0x0000000745580000, 0x0000000795580000)
  object space 87552K, 13% used [0x0000000740000000,0x0000000740b9f5c0,0x0000000745580000)
 Metaspace       used 20566K, capacity 20747K, committed 20864K, reserved 1069056K
  class space    used 2015K, capacity 2110K, committed 2176K, reserved 1048576K
}
Event: 74.480 GC heap before
{Heap before GC invocations=7 (full 0):
 PSYoungGen      total 45568K, used 37328K [0x0000000795580000, 0x0000000799100000, 0x00000007c0000000)
  eden space 32256K, 100% used [0x0000000795580000,0x0000000797500000,0x0000000797500000)
  from space 13312K, 38% used [0x0000000798400000,0x00000007988f4180,0x0000000799100000)
  to   space 14336K, 0% used [0x0000000797500000,0x0000000797500000,0x0000000798300000)
 ParOldGen       total 87552K, used 11901K [0x0000000740000000, 0x0000000745580000, 0x0000000795580000)
  object space 87552K, 13% used [0x0000000740000000,0x0000000740b9f5c0,0x0000000745580000)
 Metaspace       used 20566K, capacity 20747K, committed 20864K, reserved 1069056K
  class space    used 2015K, capacity 2110K, committed 2176K, reserved 1048576K
Event: 74.493 GC heap after
Heap after GC invocations=7 (full 0):
 PSYoungGen      total 33792K, used 1920K [0x0000000795580000, 0x0000000799080000, 0x00000007c0000000)
  eden space 31744K, 0% used [0x0000000795580000,0x0000000795580000,0x0000000797480000)
  from space 2048K, 93% used [0x0000000797500000,0x00000007976e0070,0x0000000797700000)
  to   space 14336K, 0% used [0x0000000798280000,0x0000000798280000,0x0000000799080000)
 ParOldGen       total 87552K, used 15066K [0x0000000740000000, 0x0000000745580000, 0x0000000795580000)
  object space 87552K, 17% used [0x0000000740000000,0x0000000740eb6848,0x0000000745580000)
 Metaspace       used 20566K, capacity 20747K, committed 20864K, reserved 1069056K
  class space    used 2015K, capacity 2110K, committed 2176K, reserved 1048576K
}
Event: 87.722 GC heap before
{Heap before GC invocations=8 (full 0):
 PSYoungGen      total 33792K, used 33664K [0x0000000795580000, 0x0000000799080000, 0x00000007c0000000)
  eden space 31744K, 100% used [0x0000000795580000,0x0000000797480000,0x0000000797480000)
  from space 2048K, 93% used [0x0000000797500000,0x00000007976e0070,0x0000000797700000)
  to   space 14336K, 0% used [0x0000000798280000,0x0000000798280000,0x0000000799080000)
 ParOldGen       total 87552K, used 15066K [0x0000000740000000, 0x0000000745580000, 0x0000000795580000)
  object space 87552K, 17% used [0x0000000740000000,0x0000000740eb6848,0x0000000745580000)
 Metaspace       used 20566K, capacity 20747K, committed 20864K, reserved 1069056K
  class space    used 2015K, capacity 2110K, committed 2176K, reserved 1048576K
Event: 87.727 GC heap after
Heap after GC invocations=8 (full 0):
 PSYoungGen      total 45568K, used 64K [0x0000000795580000, 0x0000000799100000, 0x00000007c0000000)
  eden space 31232K, 0% used [0x0000000795580000,0x0000000795580000,0x0000000797400000)
  from space 14336K, 0% used [0x0000000798280000,0x0000000798290000,0x0000000799080000)
  to   space 14848K, 0% used [0x0000000797400000,0x0000000797400000,0x0000000798280000)
 ParOldGen       total 87552K, used 16962K [0x0000000740000000, 0x0000000745580000, 0x0000000795580000)
  object space 87552K, 19% used [0x0000000740000000,0x00000007410908b8,0x0000000745580000)
 Metaspace       used 20566K, capacity 20747K, committed 20864K, reserved 1069056K
  class space    used 2015K, capacity 2110K, committed 2176K, reserved 1048576K
}
Event: 100.637 GC heap before
{Heap before GC invocations=9 (full 0):
 PSYoungGen      total 45568K, used 31296K [0x0000000795580000, 0x0000000799100000, 0x00000007c0000000)
  eden space 31232K, 100% used [0x0000000795580000,0x0000000797400000,0x0000000797400000)
  from space 14336K, 0% used [0x0000000798280000,0x0000000798290000,0x0000000799080000)
  to   space 14848K, 0% used [0x0000000797400000,0x0000000797400000,0x0000000798280000)
 ParOldGen       total 87552K, used 16962K [0x0000000740000000, 0x0000000745580000, 0x0000000795580000)
  object space 87552K, 19% used [0x0000000740000000,0x00000007410908b8,0x0000000745580000)
 Metaspace       used 20567K, capacity 20747K, committed 20864K, reserved 1069056K
  class space    used 2015K, capacity 2110K, committed 2176K, reserved 1048576K
Event: 100.639 GC heap after
Heap after GC invocations=9 (full 0):
 PSYoungGen      total 31232K, used 64K [0x0000000795580000, 0x0000000799080000, 0x00000007c0000000)
  eden space 30720K, 0% used [0x0000000795580000,0x0000000795580000,0x0000000797380000)
  from space 512K, 12% used [0x0000000797400000,0x0000000797410000,0x0000000797480000)
  to   space 14848K, 0% used [0x0000000798200000,0x0000000798200000,0x0000000799080000)
 ParOldGen       total 87552K, used 16986K [0x0000000740000000, 0x0000000745580000, 0x0000000795580000)
  object space 87552K, 19% used [0x0000000740000000,0x00000007410968b8,0x0000000745580000)
 Metaspace       used 20567K, capacity 20747K, committed 20864K, reserved 1069056K
  class space    used 2015K, capacity 2110K, committed 2176K, reserved 1048576K
}
Event: 114.301 GC heap before
{Heap before GC invocations=10 (full 0):
 PSYoungGen      total 31232K, used 30784K [0x0000000795580000, 0x0000000799080000, 0x00000007c0000000)
  eden space 30720K, 100% used [0x0000000795580000,0x0000000797380000,0x0000000797380000)
  from space 512K, 12% used [0x0000000797400000,0x0000000797410000,0x0000000797480000)
  to   space 14848K, 0% used [0x0000000798200000,0x0000000798200000,0x0000000799080000)
 ParOldGen       total 87552K, used 16986K [0x0000000740000000, 0x0000000745580000, 0x0000000795580000)
  object space 87552K, 19% used [0x0000000740000000,0x00000007410968b8,0x0000000745580000)
 Metaspace       used 20567K, capacity 20747K, committed 20864K, reserved 1069056K
  class space    used 2015K, capacity 2110K, committed 2176K, reserved 1048576K
Event: 114.305 GC heap after
Heap after GC invocations=10 (full 0):
 PSYoungGen      total 44544K, used 32K [0x0000000795580000, 0x0000000799000000, 0x00000007c0000000)
  eden space 30208K, 0% used [0x0000000795580000,0x0000000795580000,0x0000000797300000)
  from space 14336K, 0% used [0x0000000798200000,0x0000000798208000,0x0000000799000000)
  to   space 14848K, 0% used [0x0000000797300000,0x0000000797300000,0x0000000798180000)
 ParOldGen       total 87552K, used 16994K [0x0000000740000000, 0x0000000745580000, 0x0000000795580000)
  object space 87552K, 19% used [0x0000000740000000,0x00000007410988b8,0x0000000745580000)
 Metaspace       used 20567K, capacity 20747K, committed 20864K, reserved 1069056K
  class space    used 2015K, capacity 2110K, committed 2176K, reserved 1048576K
}

