# JRE version: Java(TM) SE Runtime Environment (8.0_66-b17) (build 1.8.0_66-b17)
# Java VM: Java HotSpot(TM) 64-Bit Server VM (25.66-b17 mixed mode bsd-amd64 compressed oops)
Heap:
 PSYoungGen      total 24576K, used 23959K [0x0000000795580000, 0x0000000796f00000, 0x00000007c0000000)
  eden space 24064K, 99% used [0x0000000795580000,0x0000000796cd5fe0,0x0000000796d00000)
  from space 512K, 12% used [0x0000000796e80000,0x0000000796e90000,0x0000000796f00000)
  to   space 1024K, 0% used [0x0000000796d00000,0x0000000796d00000,0x0000000796e00000)
 ParOldGen       total 87552K, used 18352K [0x0000000740000000, 0x0000000745580000, 0x0000000795580000)
  object space 87552K, 20% used [0x0000000740000000,0x00000007411ec010,0x0000000745580000)
 Metaspace       used 20634K, capacity 20811K, committed 21120K, reserved 1069056K
  class space    used 2024K, capacity 2110K, committed 2176K, reserved 1048576K
GC Heap History (10 events):
Event: 325.205 GC heap before
{Heap before GC invocations=48 (full 0):
 PSYoungGen      total 24576K, used 24128K [0x0000000795580000, 0x0000000797000000, 0x00000007c0000000)
  eden space 24064K, 100% used [0x0000000795580000,0x0000000796d00000,0x0000000796d00000)
  from space 512K, 12% used [0x0000000796d00000,0x0000000796d10000,0x0000000796d80000)
  to   space 1536K, 0% used [0x0000000796e80000,0x0000000796e80000,0x0000000797000000)
 ParOldGen       total 87552K, used 18352K [0x0000000740000000, 0x0000000745580000, 0x0000000795580000)
  object space 87552K, 20% used [0x0000000740000000,0x00000007411ec010,0x0000000745580000)
 Metaspace       used 20602K, capacity 20811K, committed 21120K, reserved 1069056K
  class space    used 2018K, capacity 2110K, committed 2176K, reserved 1048576K
Event: 325.207 GC heap after
Heap after GC invocations=48 (full 0):
 PSYoungGen      total 25600K, used 64K [0x0000000795580000, 0x0000000797000000, 0x00000007c0000000)
  eden space 24064K, 0% used [0x0000000795580000,0x0000000795580000,0x0000000796d00000)
  from space 1536K, 4% used [0x0000000796e80000,0x0000000796e90000,0x0000000797000000)
  to   space 1536K, 0% used [0x0000000796d00000,0x0000000796d00000,0x0000000796e80000)
 ParOldGen       total 87552K, used 18352K [0x0000000740000000, 0x0000000745580000, 0x0000000795580000)
  object space 87552K, 20% used [0x0000000740000000,0x00000007411ec010,0x0000000745580000)
 Metaspace       used 20602K, capacity 20811K, committed 21120K, reserved 1069056K
  class space    used 2018K, capacity 2110K, committed 2176K, reserved 1048576K
}
Event: 331.527 GC heap before
{Heap before GC invocations=49 (full 0):
 PSYoungGen      total 25600K, used 24128K [0x0000000795580000, 0x0000000797000000, 0x00000007c0000000)
  eden space 24064K, 100% used [0x0000000795580000,0x0000000796d00000,0x0000000796d00000)
  from space 1536K, 4% used [0x0000000796e80000,0x0000000796e90000,0x0000000797000000)
  to   space 1536K, 0% used [0x0000000796d00000,0x0000000796d00000,0x0000000796e80000)
 ParOldGen       total 87552K, used 18352K [0x0000000740000000, 0x0000000745580000, 0x0000000795580000)
  object space 87552K, 20% used [0x0000000740000000,0x00000007411ec010,0x0000000745580000)
 Metaspace       used 20602K, capacity 20811K, committed 21120K, reserved 1069056K
  class space    used 2018K, capacity 2110K, committed 2176K, reserved 1048576K
Event: 331.528 GC heap after
Heap after GC invocations=49 (full 0):
 PSYoungGen      total 25600K, used 64K [0x0000000795580000, 0x0000000797000000, 0x00000007c0000000)
  eden space 24064K, 0% used [0x0000000795580000,0x0000000795580000,0x0000000796d00000)
  from space 1536K, 4% used [0x0000000796d00000,0x0000000796d10000,0x0000000796e80000)
  to   space 1536K, 0% used [0x0000000796e80000,0x0000000796e80000,0x0000000797000000)
 ParOldGen       total 87552K, used 18352K [0x0000000740000000, 0x0000000745580000, 0x0000000795580000)
  object space 87552K, 20% used [0x0000000740000000,0x00000007411ec010,0x0000000745580000)
 Metaspace       used 20602K, capacity 20811K, committed 21120K, reserved 1069056K
  class space    used 2018K, capacity 2110K, committed 2176K, reserved 1048576K
}
Event: 337.182 GC heap before
{Heap before GC invocations=50 (full 0):
 PSYoungGen      total 25600K, used 24128K [0x0000000795580000, 0x0000000797000000, 0x00000007c0000000)
  eden space 24064K, 100% used [0x0000000795580000,0x0000000796d00000,0x0000000796d00000)
  from space 1536K, 4% used [0x0000000796d00000,0x0000000796d10000,0x0000000796e80000)
  to   space 1536K, 0% used [0x0000000796e80000,0x0000000796e80000,0x0000000797000000)
 ParOldGen       total 87552K, used 18352K [0x0000000740000000, 0x0000000745580000, 0x0000000795580000)
  object space 87552K, 20% used [0x0000000740000000,0x00000007411ec010,0x0000000745580000)
 Metaspace       used 20602K, capacity 20811K, committed 21120K, reserved 1069056K
  class space    used 2018K, capacity 2110K, committed 2176K, reserved 1048576K
Event: 337.184 GC heap after
Heap after GC invocations=50 (full 0):
 PSYoungGen      total 25600K, used 64K [0x0000000795580000, 0x0000000797000000, 0x00000007c0000000)
  eden space 24064K, 0% used [0x0000000795580000,0x0000000795580000,0x0000000796d00000)
  from space 1536K, 4% used [0x0000000796e80000,0x0000000796e90000,0x0000000797000000)
  to   space 1536K, 0% used [0x0000000796d00000,0x0000000796d00000,0x0000000796e80000)
 ParOldGen       total 87552K, used 18352K [0x0000000740000000, 0x0000000745580000, 0x0000000795580000)
  object space 87552K, 20% used [0x0000000740000000,0x00000007411ec010,0x0000000745580000)
 Metaspace       used 20602K, capacity 20811K, committed 21120K, reserved 1069056K
  class space    used 2018K, capacity 2110K, committed 2176K, reserved 1048576K
}
Event: 342.892 GC heap before
{Heap before GC invocations=51 (full 0):
 PSYoungGen      total 25600K, used 24127K [0x0000000795580000, 0x0000000797000000, 0x00000007c0000000)
  eden space 24064K, 99% used [0x0000000795580000,0x0000000796cffff8,0x0000000796d00000)
  from space 1536K, 4% used [0x0000000796e80000,0x0000000796e90000,0x0000000797000000)
  to   space 1536K, 0% used [0x0000000796d00000,0x0000000796d00000,0x0000000796e80000)
 ParOldGen       total 87552K, used 18352K [0x0000000740000000, 0x0000000745580000, 0x0000000795580000)
  object space 87552K, 20% used [0x0000000740000000,0x00000007411ec010,0x0000000745580000)
 Metaspace       used 20602K, capacity 20811K, committed 21120K, reserved 1069056K
  class space    used 2018K, capacity 2110K, committed 2176K, reserved 1048576K
Event: 342.894 GC heap after
Heap after GC invocations=51 (full 0):
 PSYoungGen      total 25600K, used 64K [0x0000000795580000, 0x0000000797000000, 0x00000007c0000000)
  eden space 24064K, 0% used [0x0000000795580000,0x0000000795580000,0x0000000796d00000)
  from space 1536K, 4% used [0x0000000796d00000,0x0000000796d10000,0x0000000796e80000)
  to   space 1536K, 0% used [0x0000000796e80000,0x0000000796e80000,0x0000000797000000)
 ParOldGen       total 87552K, used 18352K [0x0000000740000000, 0x0000000745580000, 0x0000000795580000)
  object space 87552K, 20% used [0x0000000740000000,0x00000007411ec010,0x0000000745580000)
 Metaspace       used 20602K, capacity 20811K, committed 21120K, reserved 1069056K
  class space    used 2018K, capacity 2110K, committed 2176K, reserved 1048576K
}
Event: 349.531 GC heap before
{Heap before GC invocations=52 (full 0):
 PSYoungGen      total 25600K, used 24128K [0x0000000795580000, 0x0000000797000000, 0x00000007c0000000)
  eden space 24064K, 100% used [0x0000000795580000,0x0000000796d00000,0x0000000796d00000)
  from space 1536K, 4% used [0x0000000796d00000,0x0000000796d10000,0x0000000796e80000)
  to   space 1536K, 0% used [0x0000000796e80000,0x0000000796e80000,0x0000000797000000)
 ParOldGen       total 87552K, used 18352K [0x0000000740000000, 0x0000000745580000, 0x0000000795580000)
  object space 87552K, 20% used [0x0000000740000000,0x00000007411ec010,0x0000000745580000)
 Metaspace       used 20602K, capacity 20811K, committed 21120K, reserved 1069056K
  class space    used 2018K, capacity 2110K, committed 2176K, reserved 1048576K
Event: 349.532 GC heap after
Heap after GC invocations=52 (full 0):
 PSYoungGen      total 24576K, used 64K [0x0000000795580000, 0x0000000796f00000, 0x00000007c0000000)
  eden space 24064K, 0% used [0x0000000795580000,0x0000000795580000,0x0000000796d00000)
  from space 512K, 12% used [0x0000000796e80000,0x0000000796e90000,0x0000000796f00000)
  to   space 1024K, 0% used [0x0000000796d00000,0x0000000796d00000,0x0000000796e00000)
 ParOldGen       total 87552K, used 18352K [0x0000000740000000, 0x0000000745580000, 0x0000000795580000)
  object space 87552K, 20% used [0x0000000740000000,0x00000007411ec010,0x0000000745580000)
 Metaspace       used 20602K, capacity 20811K, committed 21120K, reserved 1069056K
  class space    used 2018K, capacity 2110K, committed 2176K, reserved 1048576K
}

