# JRE version: Java(TM) SE Runtime Environment (8.0_66-b17) (build 1.8.0_66-b17)
# Java VM: Java HotSpot(TM) 64-Bit Server VM (25.66-b17 mixed mode bsd-amd64 compressed oops)
Heap:
 PSYoungGen      total 38400K, used 22405K [0x0000000795580000, 0x0000000798800000, 0x00000007c0000000)
  eden space 27136K, 82% used [0x0000000795580000,0x0000000796b59400,0x0000000797000000)
  from space 11264K, 0% used [0x0000000797d00000,0x0000000797d08000,0x0000000798800000)
  to   space 12288K, 0% used [0x0000000797000000,0x0000000797000000,0x0000000797c00000)
 ParOldGen       total 87552K, used 17466K [0x0000000740000000, 0x0000000745580000, 0x0000000795580000)
  object space 87552K, 19% used [0x0000000740000000,0x000000074110e990,0x0000000745580000)
 Metaspace       used 20583K, capacity 20747K, committed 20864K, reserved 1069056K
  class space    used 2022K, capacity 2110K, committed 2176K, reserved 1048576K
GC Heap History (10 events):
Event: 114.402 GC heap before
{Heap before GC invocations=12 (full 0):
 PSYoungGen      total 30208K, used 29760K [0x0000000795580000, 0x0000000798e80000, 0x00000007c0000000)
  eden space 29696K, 100% used [0x0000000795580000,0x0000000797280000,0x0000000797280000)
  from space 512K, 12% used [0x0000000797300000,0x0000000797310000,0x0000000797380000)
  to   space 14336K, 0% used [0x0000000798080000,0x0000000798080000,0x0000000798e80000)
 ParOldGen       total 87552K, used 17450K [0x0000000740000000, 0x0000000745580000, 0x0000000795580000)
  object space 87552K, 19% used [0x0000000740000000,0x000000074110a990,0x0000000745580000)
 Metaspace       used 20548K, capacity 20747K, committed 20864K, reserved 1069056K
  class space    used 2015K, capacity 2110K, committed 2176K, reserved 1048576K
Event: 114.404 GC heap after
Heap after GC invocations=12 (full 0):
 PSYoungGen      total 41984K, used 64K [0x0000000795580000, 0x0000000798d00000, 0x00000007c0000000)
  eden space 29184K, 0% used [0x0000000795580000,0x0000000795580000,0x0000000797200000)
  from space 12800K, 0% used [0x0000000798080000,0x0000000798090000,0x0000000798d00000)
  to   space 13824K, 0% used [0x0000000797200000,0x0000000797200000,0x0000000797f80000)
 ParOldGen       total 87552K, used 17450K [0x0000000740000000, 0x0000000745580000, 0x0000000795580000)
  object space 87552K, 19% used [0x0000000740000000,0x000000074110a990,0x0000000745580000)
 Metaspace       used 20548K, capacity 20747K, committed 20864K, reserved 1069056K
  class space    used 2015K, capacity 2110K, committed 2176K, reserved 1048576K
}
Event: 126.313 GC heap before
{Heap before GC invocations=13 (full 0):
 PSYoungGen      total 41984K, used 29248K [0x0000000795580000, 0x0000000798d00000, 0x00000007c0000000)
  eden space 29184K, 100% used [0x0000000795580000,0x0000000797200000,0x0000000797200000)
  from space 12800K, 0% used [0x0000000798080000,0x0000000798090000,0x0000000798d00000)
  to   space 13824K, 0% used [0x0000000797200000,0x0000000797200000,0x0000000797f80000)
 ParOldGen       total 87552K, used 17450K [0x0000000740000000, 0x0000000745580000, 0x0000000795580000)
  object space 87552K, 19% used [0x0000000740000000,0x000000074110a990,0x0000000745580000)
 Metaspace       used 20548K, capacity 20747K, committed 20864K, reserved 1069056K
  class space    used 2015K, capacity 2110K, committed 2176K, reserved 1048576K
Event: 126.315 GC heap after
Heap after GC invocations=13 (full 0):
 PSYoungGen      total 29184K, used 32K [0x0000000795580000, 0x0000000798c80000, 0x00000007c0000000)
  eden space 28672K, 0% used [0x0000000795580000,0x0000000795580000,0x0000000797180000)
  from space 512K, 6% used [0x0000000797200000,0x0000000797208000,0x0000000797280000)
  to   space 13824K, 0% used [0x0000000797f00000,0x0000000797f00000,0x0000000798c80000)
 ParOldGen       total 87552K, used 17450K [0x0000000740000000, 0x0000000745580000, 0x0000000795580000)
  object space 87552K, 19% used [0x0000000740000000,0x000000074110a990,0x0000000745580000)
 Metaspace       used 20548K, capacity 20747K, committed 20864K, reserved 1069056K
  class space    used 2015K, capacity 2110K, committed 2176K, reserved 1048576K
}
Event: 137.641 GC heap before
{Heap before GC invocations=14 (full 0):
 PSYoungGen      total 29184K, used 28704K [0x0000000795580000, 0x0000000798c80000, 0x00000007c0000000)
  eden space 28672K, 100% used [0x0000000795580000,0x0000000797180000,0x0000000797180000)
  from space 512K, 6% used [0x0000000797200000,0x0000000797208000,0x0000000797280000)
  to   space 13824K, 0% used [0x0000000797f00000,0x0000000797f00000,0x0000000798c80000)
 ParOldGen       total 87552K, used 17450K [0x0000000740000000, 0x0000000745580000, 0x0000000795580000)
  object space 87552K, 19% used [0x0000000740000000,0x000000074110a990,0x0000000745580000)
 Metaspace       used 20548K, capacity 20747K, committed 20864K, reserved 1069056K
  class space    used 2015K, capacity 2110K, committed 2176K, reserved 1048576K
Event: 137.643 GC heap after
Heap after GC invocations=14 (full 0):
 PSYoungGen      total 40448K, used 64K [0x0000000795580000, 0x0000000798b00000, 0x00000007c0000000)
  eden space 28160K, 0% used [0x0000000795580000,0x0000000795580000,0x0000000797100000)
  from space 12288K, 0% used [0x0000000797f00000,0x0000000797f10000,0x0000000798b00000)
  to   space 13312K, 0% used [0x0000000797100000,0x0000000797100000,0x0000000797e00000)
 ParOldGen       total 87552K, used 17450K [0x0000000740000000, 0x0000000745580000, 0x0000000795580000)
  object space 87552K, 19% used [0x0000000740000000,0x000000074110a990,0x0000000745580000)
 Metaspace       used 20548K, capacity 20747K, committed 20864K, reserved 1069056K
  class space    used 2015K, capacity 2110K, committed 2176K, reserved 1048576K
}
Event: 148.921 GC heap before
{Heap before GC invocations=15 (full 0):
 PSYoungGen      total 40448K, used 28224K [0x0000000795580000, 0x0000000798b00000, 0x00000007c0000000)
  eden space 28160K, 100% used [0x0000000795580000,0x0000000797100000,0x0000000797100000)
  from space 12288K, 0% used [0x0000000797f00000,0x0000000797f10000,0x0000000798b00000)
  to   space 13312K, 0% used [0x0000000797100000,0x0000000797100000,0x0000000797e00000)
 ParOldGen       total 87552K, used 17450K [0x0000000740000000, 0x0000000745580000, 0x0000000795580000)
  object space 87552K, 19% used [0x0000000740000000,0x000000074110a990,0x0000000745580000)
 Metaspace       used 20548K, capacity 20747K, committed 20864K, reserved 1069056K
  class space    used 2015K, capacity 2110K, committed 2176K, reserved 1048576K
Event: 148.924 GC heap after
Heap after GC invocations=15 (full 0):
 PSYoungGen      total 28160K, used 32K [0x0000000795580000, 0x0000000798980000, 0x00000007c0000000)
  eden space 27648K, 0% used [0x0000000795580000,0x0000000795580000,0x0000000797080000)
  from space 512K, 6% used [0x0000000797100000,0x0000000797108000,0x0000000797180000)
  to   space 12800K, 0% used [0x0000000797d00000,0x0000000797d00000,0x0000000798980000)
 ParOldGen       total 87552K, used 17458K [0x0000000740000000, 0x0000000745580000, 0x0000000795580000)
  object space 87552K, 19% used [0x0000000740000000,0x000000074110c990,0x0000000745580000)
 Metaspace       used 20548K, capacity 20747K, committed 20864K, reserved 1069056K
  class space    used 2015K, capacity 2110K, committed 2176K, reserved 1048576K
}
Event: 160.766 GC heap before
{Heap before GC invocations=16 (full 0):
 PSYoungGen      total 28160K, used 27680K [0x0000000795580000, 0x0000000798980000, 0x00000007c0000000)
  eden space 27648K, 100% used [0x0000000795580000,0x0000000797080000,0x0000000797080000)
  from space 512K, 6% used [0x0000000797100000,0x0000000797108000,0x0000000797180000)
  to   space 12800K, 0% used [0x0000000797d00000,0x0000000797d00000,0x0000000798980000)
 ParOldGen       total 87552K, used 17458K [0x0000000740000000, 0x0000000745580000, 0x0000000795580000)
  object space 87552K, 19% used [0x0000000740000000,0x000000074110c990,0x0000000745580000)
 Metaspace       used 20548K, capacity 20747K, committed 20864K, reserved 1069056K
  class space    used 2015K, capacity 2110K, committed 2176K, reserved 1048576K
Event: 160.769 GC heap after
Heap after GC invocations=16 (full 0):
 PSYoungGen      total 38400K, used 32K [0x0000000795580000, 0x0000000798800000, 0x00000007c0000000)
  eden space 27136K, 0% used [0x0000000795580000,0x0000000795580000,0x0000000797000000)
  from space 11264K, 0% used [0x0000000797d00000,0x0000000797d08000,0x0000000798800000)
  to   space 12288K, 0% used [0x0000000797000000,0x0000000797000000,0x0000000797c00000)
 ParOldGen       total 87552K, used 17466K [0x0000000740000000, 0x0000000745580000, 0x0000000795580000)
  object space 87552K, 19% used [0x0000000740000000,0x000000074110e990,0x0000000745580000)
 Metaspace       used 20548K, capacity 20747K, committed 20864K, reserved 1069056K
  class space    used 2015K, capacity 2110K, committed 2176K, reserved 1048576K
}

